<?xml version="1.0" encoding="UTF-8"?>
<testsuite xmlns:xsi="http://www.w3.org/2001/XMLSchema-instance" xsi:noNamespaceSchemaLocation="https://maven.apache.org/surefire/maven-surefire-plugin/xsd/surefire-test-report-3.0.xsd" version="3.0" name="com.sensordata.SensorDataProcessorTest" time="0.087" tests="5" errors="0" skipped="0" failures="0">
  <properties>
[...]
</properties>
  <testcase name="testB1FirstCondFalse_thenB2_breaks" classname="com.sensordata.SensorDataProcessorTest" time="0.053">
    <system-out><![CDATA[calculate() completed in 12 ms
]]></system-out>
  </testcase>
  <testcase name="testB1SecondCondFalse_B2False_B3False_B4Continue" classname="com.sensordata.SensorDataProcessorTest" time="0.002">
    <system-out><![CDATA[calculate() completed in 0 ms
]]></system-out>
  </testcase>
  <testcase name="testB1_avgInRange_breaks" classname="com.sensordata.SensorDataProcessorTest" time="0.002">
    <system-out><![CDATA[calculate() completed in 0 ms
]]></system-out>
  </testcase>
  <testcase name="testB3_multipliesData2_andB4_continue" classname="com.sensordata.SensorDataProcessorTest" time="0.002">
    <system-out><![CDATA[calculate() completed in 0 ms
]]></system-out>
  </testcase>
  <testcase name="testB5_exception_catchBlock" classname="com.sensordata.SensorDataProcessorTest" time="0.002">
    <system-out><![CDATA[Error= java.lang.NullPointerException: Cannot load from object array because "this.limit" is null
calculate() failed after 0 ms
]]></system-out>
  </testcase>
</testsuite>